[debug] [2020-11-09T17:56:27.280Z] ----------------------------------------------------------------------
[debug] [2020-11-09T17:56:27.281Z] Command:       C:\Program Files\nodejs\node.exe C:\Users\Сергей\AppData\Roaming\npm\node_modules\firebase-tools\lib\bin\firebase.js init
[debug] [2020-11-09T17:56:27.282Z] CLI Version:   8.15.1
[debug] [2020-11-09T17:56:27.282Z] Platform:      win32
[debug] [2020-11-09T17:56:27.282Z] Node Version:  v12.16.1
[debug] [2020-11-09T17:56:27.283Z] Time:          Mon Nov 09 2020 20:56:27 GMT+0300 (GMT+03:00)
[debug] [2020-11-09T17:56:27.283Z] ----------------------------------------------------------------------
[debug] [2020-11-09T17:56:27.283Z] 
[debug] [2020-11-09T17:56:27.287Z] > command requires scopes: ["email","openid","https://www.googleapis.com/auth/cloudplatformprojects.readonly","https://www.googleapis.com/auth/firebase","https://www.googleapis.com/auth/cloud-platform"]
[debug] [2020-11-09T17:56:27.287Z] > authorizing via signed-in user
[info] 
     ######## #### ########  ######## ########     ###     ######  ########
     ##        ##  ##     ## ##       ##     ##  ##   ##  ##       ##
     ######    ##  ########  ######   ########  #########  ######  ######
     ##        ##  ##    ##  ##       ##     ## ##     ##       ## ##
     ##       #### ##     ## ######## ########  ##     ##  ######  ########

You're about to initialize a Firebase project in this directory:

  G:\New-codeprojects\veral-app

[debug] [2020-11-09T17:58:35.458Z] ----------------------------------------------------------------------
[debug] [2020-11-09T17:58:35.459Z] Command:       C:\Program Files\nodejs\node.exe C:\Users\Сергей\AppData\Roaming\npm\node_modules\firebase-tools\lib\bin\firebase.js init
[debug] [2020-11-09T17:58:35.460Z] CLI Version:   8.15.1
[debug] [2020-11-09T17:58:35.460Z] Platform:      win32
[debug] [2020-11-09T17:58:35.460Z] Node Version:  v12.16.1
[debug] [2020-11-09T17:58:35.460Z] Time:          Mon Nov 09 2020 20:58:35 GMT+0300 (GMT+03:00)
[debug] [2020-11-09T17:58:35.460Z] ----------------------------------------------------------------------
[debug] [2020-11-09T17:58:35.461Z] 
[debug] [2020-11-09T17:58:35.464Z] > command requires scopes: ["email","openid","https://www.googleapis.com/auth/cloudplatformprojects.readonly","https://www.googleapis.com/auth/firebase","https://www.googleapis.com/auth/cloud-platform"]
[debug] [2020-11-09T17:58:35.465Z] > authorizing via signed-in user
[info] 
     ######## #### ########  ######## ########     ###     ######  ########
     ##        ##  ##     ## ##       ##     ##  ##   ##  ##       ##
     ######    ##  ########  ######   ########  #########  ######  ######
     ##        ##  ##    ##  ##       ##     ## ##     ##       ## ##
     ##       #### ##     ## ######## ########  ##     ##  ######  ########

You're about to initialize a Firebase project in this directory:

  G:\New-codeprojects\veral-app

